This is pdfTeX, Version 3.14159265-2.6-1.40.19 (MiKTeX 2.9.6730 64-bit) (preloaded format=pdflatex 2018.7.7)  7 JUL 2018 17:40
entering extended mode
**c:/Users/Ale/Desktop/Fisica/Esami/main.tex
(c:/Users/Ale/Desktop/Fisica/Esami/main.tex
LaTeX2e <2018-04-01> patch level 5
("C:\Program Files\MiKTeX 2.9\tex\latex\base\article.cls"
Document Class: article 2014/09/29 v1.4h Standard LaTeX document class
("C:\Program Files\MiKTeX 2.9\tex\latex\base\size10.clo"
File: size10.clo 2014/09/29 v1.4h Standard LaTeX file (size option)
)
\c@part=\count80
\c@section=\count81
\c@subsection=\count82
\c@subsubsection=\count83
\c@paragraph=\count84
\c@subparagraph=\count85
\c@figure=\count86
\c@table=\count87
\abovecaptionskip=\skip41
\belowcaptionskip=\skip42
\bibindent=\dimen102
) (import.tex
("C:\Program Files\MiKTeX 2.9\tex\latex\base\inputenc.sty"
Package: inputenc 2018/04/06 v1.3b Input encoding file
\inpenc@prehook=\toks14
\inpenc@posthook=\toks15
)
("C:\Program Files\MiKTeX 2.9\tex\generic\babel\babel.sty"
Package: babel 2018/06/05 3.22 The Babel package

("C:\Program Files\MiKTeX 2.9\tex\generic\babel\switch.def"
File: switch.def 2018/06/05 3.22 Babel switching mechanism
)
*************************************
* Local config file bblopts.cfg used
*
(C:\Users\Ale\AppData\Roaming\MiKTeX\2.9\tex\latex\arabi\bblopts.cfg
File: bblopts.cfg 2005/09/08 v0.1 add Arabic and Farsi to "declared" options of
 babel
)
("C:\Program Files\MiKTeX 2.9\tex\latex\babel-english\english.ldf"
Language: english 2017/06/06 v3.3r English support from the babel system

("C:\Program Files\MiKTeX 2.9\tex\generic\babel\babel.def"
File: babel.def 2018/06/05 3.22 Babel common definitions
\babel@savecnt=\count88
\U@D=\dimen103

("C:\Program Files\MiKTeX 2.9\tex\generic\babel\txtbabel.def")
\bbl@dirlevel=\count89
)
\l@canadian = a dialect from \language\l@american 
\l@australian = a dialect from \language\l@british 
\l@newzealand = a dialect from \language\l@british 
))
(C:\Users\Ale\AppData\Roaming\MiKTeX\2.9\tex\latex\blindtext\blindtext.sty
Package: blindtext 2012/01/06 V2.0 blindtext-Package

("C:\Program Files\MiKTeX 2.9\tex\latex\tools\xspace.sty"
Package: xspace 2014/10/28 v1.13 Space after command names (DPC,MH)
)
\c@blindtext=\count90
\c@Blindtext=\count91
\c@blind@countparstart=\count92
\blind@countxx=\count93
\blindtext@numBlindtext=\count94
\blind@countyy=\count95
\c@blindlist=\count96
\c@blindlistlevel=\count97
\c@blindlist@level=\count98
\blind@listitem=\count99
\c@blind@listcount=\count100
\c@blind@levelcount=\count101
\blind@mathformula=\count102
\blind@Mathformula=\count103
\c@blind@randomcount=\count104
\c@blind@randommax=\count105
\c@blind@pangramcount=\count106
\c@blind@pangrammax=\count107
)
("C:\Program Files\MiKTeX 2.9\tex\latex\hyperref\hyperref.sty"
Package: hyperref 2018/02/06 v6.86b Hypertext links for LaTeX

("C:\Program Files\MiKTeX 2.9\tex\generic\oberdiek\hobsub-hyperref.sty"
Package: hobsub-hyperref 2016/05/16 v1.14 Bundle oberdiek, subset hyperref (HO)


("C:\Program Files\MiKTeX 2.9\tex\generic\oberdiek\hobsub-generic.sty"
Package: hobsub-generic 2016/05/16 v1.14 Bundle oberdiek, subset generic (HO)
Package: hobsub 2016/05/16 v1.14 Construct package bundles (HO)
Package: infwarerr 2016/05/16 v1.4 Providing info/warning/error messages (HO)
Package: ltxcmds 2016/05/16 v1.23 LaTeX kernel commands for general use (HO)
Package: ifluatex 2016/05/16 v1.4 Provides the ifluatex switch (HO)
Package ifluatex Info: LuaTeX not detected.
Package: ifvtex 2016/05/16 v1.6 Detect VTeX and its facilities (HO)
Package ifvtex Info: VTeX not detected.
Package: intcalc 2016/05/16 v1.2 Expandable calculations with integers (HO)
Package: ifpdf 2017/03/15 v3.2 Provides the ifpdf switch
Package: etexcmds 2016/05/16 v1.6 Avoid name clashes with e-TeX commands (HO)
Package etexcmds Info: Could not find \expanded.
(etexcmds)             That can mean that you are not using pdfTeX 1.50 or
(etexcmds)             that some package has redefined \expanded.
(etexcmds)             In the latter case, load this package earlier.
Package: kvsetkeys 2016/05/16 v1.17 Key value parser (HO)
Package: kvdefinekeys 2016/05/16 v1.4 Define keys (HO)
Package: pdftexcmds 2018/01/30 v0.27 Utility functions of pdfTeX for LuaTeX (HO
)
Package pdftexcmds Info: LuaTeX not detected.
Package pdftexcmds Info: \pdf@primitive is available.
Package pdftexcmds Info: \pdf@ifprimitive is available.
Package pdftexcmds Info: \pdfdraftmode found.
Package: pdfescape 2016/05/16 v1.14 Implements pdfTeX's escape features (HO)
Package: bigintcalc 2016/05/16 v1.4 Expandable calculations on big integers (HO
)
Package: bitset 2016/05/16 v1.2 Handle bit-vector datatype (HO)
Package: uniquecounter 2016/05/16 v1.3 Provide unlimited unique counter (HO)
)
Package hobsub Info: Skipping package `hobsub' (already loaded).
Package: letltxmacro 2016/05/16 v1.5 Let assignment for LaTeX macros (HO)
Package: hopatch 2016/05/16 v1.3 Wrapper for package hooks (HO)
Package: xcolor-patch 2016/05/16 xcolor patch
Package: atveryend 2016/05/16 v1.9 Hooks at the very end of document (HO)
Package atveryend Info: \enddocument detected (standard20110627).
Package: atbegshi 2016/06/09 v1.18 At begin shipout hook (HO)
Package: refcount 2016/05/16 v3.5 Data extraction from label references (HO)
Package: hycolor 2016/05/16 v1.8 Color options for hyperref/bookmark (HO)
)
("C:\Program Files\MiKTeX 2.9\tex\latex\graphics\keyval.sty"
Package: keyval 2014/10/28 v1.15 key=value parser (DPC)
\KV@toks@=\toks16
)
("C:\Program Files\MiKTeX 2.9\tex\generic\ifxetex\ifxetex.sty"
Package: ifxetex 2010/09/12 v0.6 Provides ifxetex conditional
)
("C:\Program Files\MiKTeX 2.9\tex\latex\oberdiek\auxhook.sty"
Package: auxhook 2016/05/16 v1.4 Hooks for auxiliary files (HO)
)
("C:\Program Files\MiKTeX 2.9\tex\latex\oberdiek\kvoptions.sty"
Package: kvoptions 2016/05/16 v3.12 Key value format for package options (HO)
)
\@linkdim=\dimen104
\Hy@linkcounter=\count108
\Hy@pagecounter=\count109

("C:\Program Files\MiKTeX 2.9\tex\latex\hyperref\pd1enc.def"
File: pd1enc.def 2018/02/06 v6.86b Hyperref: PDFDocEncoding definition (HO)
Now handling font encoding PD1 ...
... no UTF-8 mapping file for font encoding PD1
)
\Hy@SavedSpaceFactor=\count110

("C:\Program Files\MiKTeX 2.9\tex\latex\00miktex\hyperref.cfg"
File: hyperref.cfg 2002/06/06 v1.2 hyperref configuration of TeXLive
)
Package hyperref Info: Hyper figures OFF on input line 4509.
Package hyperref Info: Link nesting OFF on input line 4514.
Package hyperref Info: Hyper index ON on input line 4517.
Package hyperref Info: Plain pages OFF on input line 4524.
Package hyperref Info: Backreferencing OFF on input line 4529.
Package hyperref Info: Implicit mode ON; LaTeX internals redefined.
Package hyperref Info: Bookmarks ON on input line 4762.
\c@Hy@tempcnt=\count111

(C:\Users\Ale\AppData\Roaming\MiKTeX\2.9\tex\latex\url\url.sty
\Urlmuskip=\muskip10
Package: url 2013/09/16  ver 3.4  Verb mode for urls, etc.
)
LaTeX Info: Redefining \url on input line 5115.
\XeTeXLinkMargin=\dimen105
\Fld@menulength=\count112
\Field@Width=\dimen106
\Fld@charsize=\dimen107
Package hyperref Info: Hyper figures OFF on input line 6369.
Package hyperref Info: Link nesting OFF on input line 6374.
Package hyperref Info: Hyper index ON on input line 6377.
Package hyperref Info: backreferencing OFF on input line 6384.
Package hyperref Info: Link coloring OFF on input line 6389.
Package hyperref Info: Link coloring with OCG OFF on input line 6394.
Package hyperref Info: PDF/A mode OFF on input line 6399.
LaTeX Info: Redefining \ref on input line 6439.
LaTeX Info: Redefining \pageref on input line 6443.
\Hy@abspage=\count113
\c@Item=\count114
\c@Hfootnote=\count115
)
Package hyperref Info: Driver (autodetected): hpdftex.

("C:\Program Files\MiKTeX 2.9\tex\latex\hyperref\hpdftex.def"
File: hpdftex.def 2018/02/06 v6.86b Hyperref driver for pdfTeX
\Fld@listcount=\count116
\c@bookmark@seq@number=\count117

("C:\Program Files\MiKTeX 2.9\tex\latex\oberdiek\rerunfilecheck.sty"
Package: rerunfilecheck 2016/05/16 v1.8 Rerun checks for auxiliary files (HO)
Package uniquecounter Info: New unique counter `rerunfilecheck' on input line 2
82.
)
\Hy@SectionHShift=\skip43
)
("C:\Program Files\MiKTeX 2.9\tex\latex\amsfonts\amssymb.sty"
Package: amssymb 2013/01/14 v3.01 AMS font symbols

("C:\Program Files\MiKTeX 2.9\tex\latex\amsfonts\amsfonts.sty"
Package: amsfonts 2013/01/14 v3.01 Basic AMSFonts support
\@emptytoks=\toks17
\symAMSa=\mathgroup4
\symAMSb=\mathgroup5
LaTeX Font Info:    Overwriting math alphabet `\mathfrak' in version `bold'
(Font)                  U/euf/m/n --> U/euf/b/n on input line 106.
))
("C:\Program Files\MiKTeX 2.9\tex\latex\geometry\geometry.sty"
Package: geometry 2018/04/16 v5.8 Page Geometry
\Gm@cnth=\count118
\Gm@cntv=\count119
\c@Gm@tempcnt=\count120
\Gm@bindingoffset=\dimen108
\Gm@wd@mp=\dimen109
\Gm@odd@mp=\dimen110
\Gm@even@mp=\dimen111
\Gm@layoutwidth=\dimen112
\Gm@layoutheight=\dimen113
\Gm@layouthoffset=\dimen114
\Gm@layoutvoffset=\dimen115
\Gm@dimlist=\toks18

("C:\Program Files\MiKTeX 2.9\tex\latex\geometry\geometry.cfg")

Package geometry Warning: Over-specification in `h'-direction.
    `width' (469.47046pt) is ignored.


Package geometry Warning: Over-specification in `v'-direction.
    `height' (312.9803pt) is ignored.

) ("C:\Program Files\MiKTeX 2.9\tex\latex\graphics\graphicx.sty"
Package: graphicx 2017/06/01 v1.1a Enhanced LaTeX Graphics (DPC,SPQR)

("C:\Program Files\MiKTeX 2.9\tex\latex\graphics\graphics.sty"
Package: graphics 2017/06/25 v1.2c Standard LaTeX Graphics (DPC,SPQR)

("C:\Program Files\MiKTeX 2.9\tex\latex\graphics\trig.sty"
Package: trig 2016/01/03 v1.10 sin cos tan (DPC)
)
("C:\Program Files\MiKTeX 2.9\tex\latex\graphics-cfg\graphics.cfg"
File: graphics.cfg 2016/06/04 v1.11 sample graphics configuration
)
Package graphics Info: Driver file: pdftex.def on input line 99.

("C:\Program Files\MiKTeX 2.9\tex\latex\graphics-def\pdftex.def"
File: pdftex.def 2018/01/08 v1.0l Graphics/color driver for pdftex
))
\Gin@req@height=\dimen116
\Gin@req@width=\dimen117
)
("C:\Program Files\MiKTeX 2.9\tex\latex\tools\array.sty"
Package: array 2018/04/30 v2.4h Tabular extension package (FMi)
\col@sep=\dimen118
\ar@mcellbox=\box26
\extrarowheight=\dimen119
\NC@list=\toks19
\extratabsurround=\skip44
\backup@length=\skip45
\ar@cellbox=\box27
)
("C:\Program Files\MiKTeX 2.9\tex\latex\multirow\multirow.sty"
Package: multirow 2016/11/25 v2.2 Span multiple rows of a table
\multirow@colwidth=\skip46
\multirow@cntb=\count121
\multirow@dima=\skip47
\bigstrutjot=\dimen120
)
(C:\Users\Ale\AppData\Roaming\MiKTeX\2.9\tex\latex\tabu\tabu.sty
Package: tabu 2011/02/26 v2.8 - flexible LaTeX tabulars (FC)

(C:\Users\Ale\AppData\Roaming\MiKTeX\2.9\tex\latex\varwidth\varwidth.sty
Package: varwidth 2009/03/30 ver 0.92;  Variable-width minipages
\@vwid@box=\box28
\sift@deathcycles=\count122
\@vwid@loff=\dimen121
\@vwid@roff=\dimen122
)
\c@taburow=\count123
\tabu@nbcols=\count124
\tabu@cnt=\count125
\tabu@Xcol=\count126
\tabu@alloc=\count127
\tabu@nested=\count128
\tabu@target=\dimen123
\tabu@spreadtarget=\dimen124
\tabu@naturalX=\dimen125
\tabucolX=\dimen126
\tabu@Xsum=\dimen127
\extrarowdepth=\dimen128
\abovetabulinesep=\dimen129
\belowtabulinesep=\dimen130
\tabustrutrule=\dimen131
\tabu@thebody=\toks20
\tabu@footnotes=\toks21
\tabu@box=\box29
\tabu@arstrutbox=\box30
\tabu@hleads=\box31
\tabu@vleads=\box32
\tabu@cellskip=\skip48
)
(C:\Users\Ale\AppData\Roaming\MiKTeX\2.9\tex\latex\fancyhdr\fancyhdr.sty
Package: fancyhdr 2017/06/30 v3.9a Extensive control of page headers and footer
s
\f@nch@headwidth=\skip49
\f@nch@O@elh=\skip50
\f@nch@O@erh=\skip51
\f@nch@O@olh=\skip52
\f@nch@O@orh=\skip53
\f@nch@O@elf=\skip54
\f@nch@O@erf=\skip55
\f@nch@O@olf=\skip56
\f@nch@O@orf=\skip57
)
(C:\Users\Ale\AppData\Roaming\MiKTeX\2.9\tex\latex\pst-node\pst-node.sty
Package: pst-node 2012/09/18 v1.01 LaTeX wrapper for `pst-node' (HV)

("C:\Program Files\MiKTeX 2.9\tex\latex\pstricks\pstricks.sty"
Package: pstricks 2018/01/06 v0.67 LaTeX wrapper for `PSTricks' (RN,HV)

(C:\Users\Ale\AppData\Roaming\MiKTeX\2.9\tex\latex\iftex\iftex.sty
Package: iftex 2013/04/04 v0.2 Provides if(tex) conditional for PDFTeX, XeTeX, 
and LuaTeX
)
("C:\Program Files\MiKTeX 2.9\tex\latex\tools\shellesc.sty"
Package: shellesc 2016/06/07 v0.02a unified shell escape interface for LaTeX
Package shellesc Info: Restricted shell escape enabled on input line 69.
)
(C:\Users\Ale\AppData\Roaming\MiKTeX\2.9\tex\latex\xcolor\xcolor.sty
Package: xcolor 2016/05/11 v2.12 LaTeX color extensions (UK)

("C:\Program Files\MiKTeX 2.9\tex\latex\graphics-cfg\color.cfg"
File: color.cfg 2016/01/02 v1.6 sample color configuration
)
Package xcolor Info: Driver file: pdftex.def on input line 225.
Package xcolor Info: Model `cmy' substituted by `cmy0' on input line 1348.
Package xcolor Info: Model `hsb' substituted by `rgb' on input line 1352.
Package xcolor Info: Model `RGB' extended on input line 1364.
Package xcolor Info: Model `HTML' substituted by `rgb' on input line 1366.
Package xcolor Info: Model `Hsb' substituted by `hsb' on input line 1367.
Package xcolor Info: Model `tHsb' substituted by `hsb' on input line 1368.
Package xcolor Info: Model `HSB' substituted by `hsb' on input line 1369.
Package xcolor Info: Model `Gray' substituted by `gray' on input line 1370.
Package xcolor Info: Model `wave' substituted by `hsb' on input line 1371.
)
("C:\Program Files\MiKTeX 2.9\tex\generic\xkeyval\pst-xkey.tex"
File: pst-xkey.tex 2005/11/25 v1.6 PSTricks specialization of xkeyval (HA)

("C:\Program Files\MiKTeX 2.9\tex\latex\xkeyval\xkeyval.sty"
Package: xkeyval 2014/12/03 v2.7a package option processing (HA)

("C:\Program Files\MiKTeX 2.9\tex\generic\xkeyval\xkeyval.tex"
("C:\Program Files\MiKTeX 2.9\tex\generic\xkeyval\xkvutils.tex"
\XKV@toks=\toks22
\XKV@tempa@toks=\toks23
)
\XKV@depth=\count129
File: xkeyval.tex 2014/12/03 v2.7a key=value parser (HA)
)))
("C:\Program Files\MiKTeX 2.9\tex\generic\pstricks\pstricks.tex"
("C:\Program Files\MiKTeX 2.9\tex\generic\pstricks\pst-fp.tex"
`pst-fp' v0.05, 2010/01/17 (hv)
\pstFP@xs=\count130
\pstFP@xia=\count131
\pstFP@xib=\count132
\pstFP@xfa=\count133
\pstFP@xfb=\count134
\pstFP@rega=\count135
\pstFP@regb=\count136
\pstFP@regs=\count137
\pstFP@times=\count138
)
(C:\Users\Ale\AppData\Roaming\MiKTeX\2.9\tex\generic\pgf\utilities\pgfutil-comm
on.tex
\pgfutil@everybye=\toks24
\pgfutil@tempdima=\dimen132
\pgfutil@tempdimb=\dimen133

(C:\Users\Ale\AppData\Roaming\MiKTeX\2.9\tex\generic\pgf\utilities\pgfutil-comm
on-lists.tex))
(C:\Users\Ale\AppData\Roaming\MiKTeX\2.9\tex\generic\pgf\utilities\pgfkeys.code
.tex
\pgfkeys@pathtoks=\toks25
\pgfkeys@temptoks=\toks26

(C:\Users\Ale\AppData\Roaming\MiKTeX\2.9\tex\generic\pgf\utilities\pgfkeysfilte
red.code.tex
\pgfkeys@tmptoks=\toks27
))
(C:\Users\Ale\AppData\Roaming\MiKTeX\2.9\tex\generic\pgf\utilities\pgffor.code.
tex
(C:\Users\Ale\AppData\Roaming\MiKTeX\2.9\tex\generic\pgf\math\pgfmath.code.tex
(C:\Users\Ale\AppData\Roaming\MiKTeX\2.9\tex\generic\pgf\math\pgfmathcalc.code.
tex
(C:\Users\Ale\AppData\Roaming\MiKTeX\2.9\tex\generic\pgf\math\pgfmathutil.code.
tex
\pgf@x=\dimen134
\pgf@xa=\dimen135
\pgf@xb=\dimen136
\pgf@xc=\dimen137
\pgf@y=\dimen138
\pgf@ya=\dimen139
\pgf@yb=\dimen140
\pgf@yc=\dimen141
\c@pgf@counta=\count139
\c@pgf@countb=\count140
\c@pgf@countc=\count141
\c@pgf@countd=\count142
\pgfutil@tempcnta=\count143
\pgfutil@tempcntb=\count144
)
(C:\Users\Ale\AppData\Roaming\MiKTeX\2.9\tex\generic\pgf\math\pgfmathparser.cod
e.tex
\pgfmath@dimen=\dimen142
\pgfmath@count=\count145
\pgfmath@box=\box33
\pgfmath@toks=\toks28
\pgfmath@stack@operand=\toks29
\pgfmath@stack@operation=\toks30
)
(C:\Users\Ale\AppData\Roaming\MiKTeX\2.9\tex\generic\pgf\math\pgfmathfunctions.
code.tex
(C:\Users\Ale\AppData\Roaming\MiKTeX\2.9\tex\generic\pgf\math\pgfmathfunctions.
basic.code.tex)
(C:\Users\Ale\AppData\Roaming\MiKTeX\2.9\tex\generic\pgf\math\pgfmathfunctions.
trigonometric.code.tex)
(C:\Users\Ale\AppData\Roaming\MiKTeX\2.9\tex\generic\pgf\math\pgfmathfunctions.
random.code.tex)
(C:\Users\Ale\AppData\Roaming\MiKTeX\2.9\tex\generic\pgf\math\pgfmathfunctions.
comparison.code.tex)
(C:\Users\Ale\AppData\Roaming\MiKTeX\2.9\tex\generic\pgf\math\pgfmathfunctions.
base.code.tex)
(C:\Users\Ale\AppData\Roaming\MiKTeX\2.9\tex\generic\pgf\math\pgfmathfunctions.
round.code.tex)
(C:\Users\Ale\AppData\Roaming\MiKTeX\2.9\tex\generic\pgf\math\pgfmathfunctions.
misc.code.tex)
(C:\Users\Ale\AppData\Roaming\MiKTeX\2.9\tex\generic\pgf\math\pgfmathfunctions.
integerarithmetics.code.tex)))
(C:\Users\Ale\AppData\Roaming\MiKTeX\2.9\tex\generic\pgf\math\pgfmathfloat.code
.tex
\c@pgfmathroundto@lastzeros=\count146
))
\pgffor@iter=\dimen143
\pgffor@skip=\dimen144
\pgffor@stack=\toks31
\pgffor@toks=\toks32
)
\psLoopIndex=\count147

`PSTricks' v2.84  <2018/05/01> (tvz,hv)
\pst@dima=\dimen145
\pst@dimb=\dimen146
\pst@dimc=\dimen147
\pst@dimd=\dimen148
\pst@dimg=\dimen149
\pst@dimh=\dimen150
\pst@dimm=\dimen151
\pst@dimn=\dimen152
\pst@dimo=\dimen153
\pst@dimp=\dimen154
\pst@hbox=\box34
\pst@ibox=\box35
\pst@boxg=\box36
\pst@cnta=\count148
\pst@cntb=\count149
\pst@cntc=\count150
\pst@cntd=\count151
\pst@cntg=\count152
\pst@cnth=\count153
\pst@cntm=\count154
\pst@cntn=\count155
\pst@cnto=\count156
\pst@cntp=\count157
\@zero=\count158
\pst@toks=\toks33
("C:\Program Files\MiKTeX 2.9\tex\generic\pstricks\pstricks.con")
\psunit=\dimen155
\psxunit=\dimen156
\psyunit=\dimen157
\pst@C@@rType=\count159
\pslinewidth=\dimen158
\psk@startLW=\dimen159
\psk@endLW=\dimen160
\pst@customdefs=\toks34
\pslinearc=\dimen161
\pst@symbolStep=\dimen162
\pst@symbolWidth=\dimen163
\pst@symbolLinewidth=\dimen164
\everypsbox=\toks35
\psframesep=\dimen165
\pslabelsep=\dimen166
\sh@wgridXunit=\dimen167
\sh@wgridYunit=\dimen168
\pst@shift=\dimen169
)
File: pstricks.tex 2018/05/01 v2.84 `PSTricks' (tvz,hv)

("C:\Program Files\MiKTeX 2.9\tex\generic\pstricks\pst-fp.tex")
File: pst-fp.tex 2018/05/01 v2.84 `PST-fp' (hv)
)
Package: pst-node 2010/04/22 package wrapper for pst-node.tex

(C:\Users\Ale\AppData\Roaming\MiKTeX\2.9\tex\generic\pst-node\pst-node.tex
 v1.41, 2017/12/30
\psrow=\count160
\pscol=\count161
\psmatrixcnt=\count162
\psrowsep=\skip58
\pscolsep=\skip59
\pst@args=\count163
\num@pts=\count164
\pst@argcnt=\count165
)
File: pst-node.tex 2017/12/30 1.41 `pst-node' (tvz,hv)
)
("C:\Program Files\MiKTeX 2.9\tex\latex\oberdiek\transparent.sty"
Package: transparent 2016/05/16 v1.1 Transparency via pdfTeX's color stack (HO)

)
(C:\Users\Ale\AppData\Roaming\MiKTeX\2.9\tex\latex\pdfpages\pdfpages.sty
Package: pdfpages 2017/10/31 v0.5l Insert pages of external PDF documents (AM)

("C:\Program Files\MiKTeX 2.9\tex\latex\base\ifthen.sty"
Package: ifthen 2014/09/29 v1.1c Standard LaTeX ifthen package (DPC)
)
("C:\Program Files\MiKTeX 2.9\tex\latex\tools\calc.sty"
Package: calc 2017/05/25 v4.3 Infix arithmetic (KKT,FJ)
\calc@Acount=\count166
\calc@Bcount=\count167
\calc@Adimen=\dimen170
\calc@Bdimen=\dimen171
\calc@Askip=\skip60
\calc@Bskip=\skip61
LaTeX Info: Redefining \setlength on input line 80.
LaTeX Info: Redefining \addtolength on input line 81.
\calc@Ccount=\count168
\calc@Cskip=\skip62
)
(C:\Users\Ale\AppData\Roaming\MiKTeX\2.9\tex\latex\eso-pic\eso-pic.sty
Package: eso-pic 2018/04/12 v2.0h eso-pic (RN)
)
\AM@pagewidth=\dimen172
\AM@pageheight=\dimen173

(C:\Users\Ale\AppData\Roaming\MiKTeX\2.9\tex\latex\pdfpages\pppdftex.def
File: pppdftex.def 2017/10/31 v0.5l Pdfpages driver for pdfTeX (AM)
)
\AM@pagebox=\box37
\AM@global@opts=\toks36
\AM@toc@title=\toks37
\c@AM@survey=\count169
\AM@templatesizebox=\box38
))
(main.aux)
\openout1 = `main.aux'.

LaTeX Font Info:    Checking defaults for OML/cmm/m/it on input line 4.
LaTeX Font Info:    ... okay on input line 4.
LaTeX Font Info:    Checking defaults for T1/cmr/m/n on input line 4.
LaTeX Font Info:    ... okay on input line 4.
LaTeX Font Info:    Checking defaults for OT1/cmr/m/n on input line 4.
LaTeX Font Info:    ... okay on input line 4.
LaTeX Font Info:    Checking defaults for OMS/cmsy/m/n on input line 4.
LaTeX Font Info:    ... okay on input line 4.
LaTeX Font Info:    Checking defaults for OMX/cmex/m/n on input line 4.
LaTeX Font Info:    ... okay on input line 4.
LaTeX Font Info:    Checking defaults for U/cmr/m/n on input line 4.
LaTeX Font Info:    ... okay on input line 4.
LaTeX Font Info:    Checking defaults for PD1/pdf/m/n on input line 4.
LaTeX Font Info:    ... okay on input line 4.
\AtBeginShipoutBox=\box39
Package hyperref Info: Link coloring OFF on input line 4.
 ("C:\Program Files\MiKTeX 2.9\tex\latex\hyperref\nameref.sty"
Package: nameref 2016/05/21 v2.44 Cross-referencing by name of section

("C:\Program Files\MiKTeX 2.9\tex\generic\oberdiek\gettitlestring.sty"
Package: gettitlestring 2016/05/16 v1.5 Cleanup title references (HO)
)
\c@section@level=\count170
)
LaTeX Info: Redefining \ref on input line 4.
LaTeX Info: Redefining \pageref on input line 4.
LaTeX Info: Redefining \nameref on input line 4.

(main.out) (main.out)
\@outlinefile=\write3
\openout3 = `main.out'.


*geometry* driver: auto-detecting
*geometry* detected driver: pdftex
*geometry* verbose mode - [ preamble ] result:
* driver: pdftex
* paper: <default>
* layout: <same size as paper>
* layoutoffset:(h,v)=(0.0pt,0.0pt)
* modes: 
* h-part:(L,W,R)=(99.58464pt, 429.3521pt, 85.35826pt)
* v-part:(T,H,B)=(71.13188pt, 652.70622pt, 71.13188pt)
* \paperwidth=614.295pt
* \paperheight=794.96999pt
* \textwidth=429.3521pt
* \textheight=652.70622pt
* \oddsidemargin=27.31465pt
* \evensidemargin=27.31465pt
* \topmargin=-38.1381pt
* \headheight=12.0pt
* \headsep=25.0pt
* \topskip=10.0pt
* \footskip=30.0pt
* \marginparwidth=65.0pt
* \marginparsep=11.0pt
* \columnsep=10.0pt
* \skip\footins=9.0pt plus 4.0pt minus 2.0pt
* \hoffset=0.0pt
* \voffset=0.0pt
* \mag=1000
* \@twocolumnfalse
* \@twosidefalse
* \@mparswitchfalse
* \@reversemarginfalse
* (1in=72.27pt=25.4mm, 1cm=28.453pt)

(C:\Users\Ale\AppData\Roaming\MiKTeX\2.9\tex\context\base\supp-pdf.mkii
[Loading MPS to PDF converter (version 2006.09.02).]
\scratchcounter=\count171
\scratchdimen=\dimen174
\scratchbox=\box40
\nofMPsegments=\count172
\nofMParguments=\count173
\everyMPshowfont=\toks38
\MPscratchCnt=\count174
\MPscratchDim=\dimen175
\MPnumerator=\count175
\makeMPintoPDFobject=\count176
\everyMPtoPDFconversion=\toks39
) ("C:\Program Files\MiKTeX 2.9\tex\latex\oberdiek\epstopdf-base.sty"
Package: epstopdf-base 2016/05/15 v2.6 Base part for package epstopdf

("C:\Program Files\MiKTeX 2.9\tex\latex\oberdiek\grfext.sty"
Package: grfext 2016/05/16 v1.2 Manage graphics extensions (HO)
)
Package epstopdf-base Info: Redefining graphics rule for `.eps' on input line 4
38.
Package grfext Info: Graphics extension search list:
(grfext)             [.pdf,.png,.jpg,.mps,.jpeg,.jbig2,.jb2,.PDF,.PNG,.JPG,.JPE
G,.JBIG2,.JB2,.eps]
(grfext)             \AppendGraphicsExtensions on input line 456.
)
("C:\Program Files\MiKTeX 2.9\tex\latex\oberdiek\pdflscape.sty"
Package: pdflscape 2016/05/14 v0.11 Display of landscape pages in PDF (HO)

("C:\Program Files\MiKTeX 2.9\tex\latex\graphics\lscape.sty"
Package: lscape 2000/10/22 v3.01 Landscape Pages (DPC)
)
Package pdflscape Info: Auto-detected driver: pdftex on input line 81.
) (main.toc)
\tf@toc=\write4
\openout4 = `main.toc'.


[1
Non-PDF special ignored!
<special> header=pstricks.pro
Non-PDF special ignored!
<special> header=pst-algparser.pro
Non-PDF special ignored!
<special> header=pst-tools.pro
Non-PDF special ignored!
<special> header=pst-dots.pro
Non-PDF special ignored!
<special> header=pst-node.pro

Non-PDF special ignored!
<special> ps: /pssetRGBcolor /setrgbcolor load def /pssetCMYKcolor /setcmyk...
Non-PDF special ignored!
<special> ps:tx@Dict begin  gsave STV CP T /ps@rot 0 def grestore  end
Non-PDF special ignored!
<special> ps:tx@Dict begin  gsave STV CP T /ps@refangle 0.  def grestore  e...
Non-PDF special ignored!
<special> ps:tx@Dict begin  gsave STV CP T /ps@rot 0 def grestore  end
{C:/Users/Ale/AppData/Local/MiKTeX/2.9/pdftex/config/pdftex.map}]
LaTeX Font Info:    Try loading font information for OMS+cmr on input line 17.

("C:\Program Files\MiKTeX 2.9\tex\latex\base\omscmr.fd"
File: omscmr.fd 2014/09/29 v2.5h Standard LaTeX font definitions
)
LaTeX Font Info:    Font shape `OMS/cmr/m/n' in size <10> not available
(Font)              Font shape `OMS/cmsy/m/n' tried instead on input line 17.
 (ES1/2015.tex
LaTeX Font Info:    Try loading font information for U+msa on input line 4.

("C:\Program Files\MiKTeX 2.9\tex\latex\amsfonts\umsa.fd"
File: umsa.fd 2013/01/14 v3.01 AMS symbols A
)
LaTeX Font Info:    Try loading font information for U+msb on input line 4.

("C:\Program Files\MiKTeX 2.9\tex\latex\amsfonts\umsb.fd"
File: umsb.fd 2013/01/14 v3.01 AMS symbols B
)
Underfull \hbox (badness 10000) in paragraph at lines 3--5

 []

<ES1/FEB012015.jpg, id=52, 183.084pt x 60.225pt>
File: ES1/FEB012015.jpg Graphic file (type jpg)
<use ES1/FEB012015.jpg>
Package pdftex.def Info: ES1/FEB012015.jpg  used on input line 6.
(pdftex.def)             Requested size: 146.46739pt x 48.18005pt.

Underfull \hbox (badness 10000) in paragraph at lines 11--15

 []


Underfull \hbox (badness 10000) in paragraph at lines 18--20

 []


Underfull \hbox (badness 10000) in paragraph at lines 23--25

 []


Underfull \hbox (badness 10000) in paragraph at lines 28--30

 []

) (ES1/2016.tex
Underfull \hbox (badness 10000) in paragraph at lines 3--7

 []


Underfull \hbox (badness 10000) in paragraph at lines 11--14

 []


Underfull \hbox (badness 10000) in paragraph at lines 11--14

 []

<ES1/FEB012016.jpg, id=53, 298.11375pt x 95.1555pt>
File: ES1/FEB012016.jpg Graphic file (type jpg)
<use ES1/FEB012016.jpg>
Package pdftex.def Info: ES1/FEB012016.jpg  used on input line 15.
(pdftex.def)             Requested size: 238.49132pt x 76.12448pt.

Overfull \hbox (12.79999pt too wide) in paragraph at lines 17--24
 [] 
 []


LaTeX Warning: `!h' float specifier changed to `!ht'.


Underfull \hbox (badness 10000) in paragraph at lines 30--32

 []


LaTeX Warning: `!h' float specifier changed to `!ht'.


Underfull \hbox (badness 10000) in paragraph at lines 36--40

 []


Underfull \hbox (badness 10000) in paragraph at lines 36--40

 []

<ES1/LUG012016.jpg, id=54, 281.853pt x 151.16475pt>
File: ES1/LUG012016.jpg Graphic file (type jpg)
<use ES1/LUG012016.jpg>
Package pdftex.def Info: ES1/LUG012016.jpg  used on input line 41.
(pdftex.def)             Requested size: 197.29575pt x 105.81459pt.

Overfull \hbox (12.79999pt too wide) in paragraph at lines 43--56
 [] 
 []


LaTeX Warning: `!h' float specifier changed to `!ht'.

[2 <./ES1/FEB012015.jpg>] [3 <./ES1/FEB012016.jpg>] [4 <./ES1/LUG012016.jpg>])
(ES1/2017.tex
Underfull \hbox (badness 10000) in paragraph at lines 2--5

 []


Underfull \hbox (badness 1102) in paragraph at lines 2--5
\OT1/cmr/m/n/10 Una sfer-etta metal-lica viene lan-ci-ata ver-ti-cal-mente vers
o l'alto con mod-ulo della ve-locita
 []


Underfull \hbox (badness 10000) in paragraph at lines 2--5

 []


Overfull \hbox (12.79999pt too wide) in paragraph at lines 5--13
 [] 
 []


Underfull \hbox (badness 10000) in paragraph at lines 19--22

 []


Overfull \hbox (12.79999pt too wide) in paragraph at lines 23--35
 [] 
 []


Underfull \hbox (badness 10000) in paragraph at lines 40--45

 []


Underfull \hbox (badness 10000) in paragraph at lines 40--45

 []


Overfull \hbox (12.79999pt too wide) in paragraph at lines 45--53
 [] 
 []


LaTeX Warning: `!h' float specifier changed to `!ht'.


Underfull \hbox (badness 10000) in paragraph at lines 58--63

 []


Overfull \hbox (12.79999pt too wide) in paragraph at lines 63--74
 [] 
 []


LaTeX Warning: `!h' float specifier changed to `!ht'.

) (ES1/2018.tex
Underfull \hbox (badness 10000) in paragraph at lines 2--7

 []


Underfull \hbox (badness 10000) in paragraph at lines 2--7

 []


Overfull \hbox (12.79999pt too wide) in paragraph at lines 7--20
 [] 
 []


LaTeX Warning: `!h' float specifier changed to `!ht'.

) [5

] [6] [7] (ES2/2016.tex
Underfull \hbox (badness 10000) in paragraph at lines 3--9

 []


Underfull \hbox (badness 10000) in paragraph at lines 3--9

 []

<ES2/GEN022016.jpg, id=87, 381.8265pt x 154.77824pt>
File: ES2/GEN022016.jpg Graphic file (type jpg)
<use ES2/GEN022016.jpg>
Package pdftex.def Info: ES2/GEN022016.jpg  used on input line 10.
(pdftex.def)             Requested size: 190.91278pt x 77.38893pt.

Underfull \hbox (badness 10000) in paragraph at lines 15--18

 []


Underfull \hbox (badness 10000) in paragraph at lines 15--18

 []

<ES2/FEB022016.jpg, id=88, 489.32813pt x 137.7647pt>
File: ES2/FEB022016.jpg Graphic file (type jpg)
<use ES2/FEB022016.jpg>
Package pdftex.def Info: ES2/FEB022016.jpg  used on input line 19.
(pdftex.def)             Requested size: 244.66345pt x 68.88217pt.

Underfull \hbox (badness 10000) in paragraph at lines 24--27

 []


Underfull \hbox (badness 10000) in paragraph at lines 24--27

 []

<ES2/GIU022016.jpg, id=89, 273.4215pt x 135.50626pt>
File: ES2/GIU022016.jpg Graphic file (type jpg)
<use ES2/GIU022016.jpg>
Package pdftex.def Info: ES2/GIU022016.jpg  used on input line 28.
(pdftex.def)             Requested size: 136.7104pt x 67.75294pt.

Underfull \hbox (badness 10000) in paragraph at lines 33--36

 []


Underfull \hbox (badness 10000) in paragraph at lines 33--36

 []

<ES2/LUG022016.jpg, id=90, 226.446pt x 148.1535pt>
File: ES2/LUG022016.jpg Graphic file (type jpg)
<use ES2/LUG022016.jpg>
Package pdftex.def Info: ES2/LUG022016.jpg  used on input line 37.
(pdftex.def)             Requested size: 113.22272pt x 74.07657pt.

LaTeX Warning: `!h' float specifier changed to `!ht'.

) (ES2/2017.tex
Underfull \hbox (badness 10000) in paragraph at lines 3--8

 []


Underfull \hbox (badness 10000) in paragraph at lines 3--8

 []

<ES2/GEN022017.jpg, id=91, 281.25075pt x 128.27925pt>
File: ES2/GEN022017.jpg Graphic file (type jpg)
<use ES2/GEN022017.jpg>
Package pdftex.def Info: ES2/GEN022017.jpg  used on input line 9.
(pdftex.def)             Requested size: 140.62502pt x 64.13947pt.

LaTeX Warning: `!h' float specifier changed to `!ht'.


Underfull \hbox (badness 10000) in paragraph at lines 15--19

 []


Underfull \hbox (badness 10000) in paragraph at lines 15--19

 []

<ES2/FEB022017.jpg, id=92, 304.7385pt x 55.407pt>
File: ES2/FEB022017.jpg Graphic file (type jpg)
<use ES2/FEB022017.jpg>
Package pdftex.def Info: ES2/FEB022017.jpg  used on input line 20.
(pdftex.def)             Requested size: 152.36887pt x 27.70341pt.

LaTeX Warning: `!h' float specifier changed to `!ht'.


Underfull \hbox (badness 10000) in paragraph at lines 26--30

 []


Underfull \hbox (badness 10000) in paragraph at lines 26--30

 []

<ES2/GIU022017.jpg, id=93, 287.27325pt x 93.34875pt>
File: ES2/GIU022017.jpg Graphic file (type jpg)
<use ES2/GIU022017.jpg>
Package pdftex.def Info: ES2/GIU022017.jpg  used on input line 31.
(pdftex.def)             Requested size: 143.63628pt x 46.67426pt.

LaTeX Warning: `!h' float specifier changed to `!ht'.


Underfull \hbox (badness 10000) in paragraph at lines 36--39

 []


Underfull \hbox (badness 10000) in paragraph at lines 36--39

 []

<ES2/LUG022017.jpg, id=94, 317.38576pt x 101.78024pt>
File: ES2/LUG022017.jpg Graphic file (type jpg)
<use ES2/LUG022017.jpg>
Package pdftex.def Info: ES2/LUG022017.jpg  used on input line 40.
(pdftex.def)             Requested size: 190.43292pt x 61.06859pt.

LaTeX Warning: `!h' float specifier changed to `!ht'.


Underfull \hbox (badness 10000) in paragraph at lines 46--49

 []


Underfull \hbox (badness 10000) in paragraph at lines 46--49

 []

<ES2/SET022017.jpg, id=95, 170.43675pt x 93.34875pt>
File: ES2/SET022017.jpg Graphic file (type jpg)
<use ES2/SET022017.jpg>
Package pdftex.def Info: ES2/SET022017.jpg  used on input line 50.
(pdftex.def)             Requested size: 170.43631pt x 93.34851pt.

LaTeX Warning: `!h' float specifier changed to `!ht'.

) (ES2/2018.tex
Underfull \hbox (badness 10000) in paragraph at lines 2--7

 []


Underfull \hbox (badness 10000) in paragraph at lines 2--7

 []

<ES2/GEN022018.jpg, id=96, 269.20575pt x 89.73524pt>
File: ES2/GEN022018.jpg Graphic file (type jpg)
<use ES2/GEN022018.jpg>
Package pdftex.def Info: ES2/GEN022018.jpg  used on input line 8.
(pdftex.def)             Requested size: 215.36488pt x 71.78827pt.

LaTeX Warning: `h' float specifier changed to `ht'.

) [8

 <./ES2/GEN022016.jpg> <./ES2/FEB022016.jpg> <./ES2/GIU022016.jpg>]
[9 <./ES2/LUG022016.jpg> <./ES2/GEN022017.jpg> <./ES2/FEB022017.jpg> <./ES2/GIU
022017.jpg>] [10 <./ES2/LUG022017.jpg> <./ES2/SET022017.jpg> <./ES2/GEN022018.j
pg>] (ES3/2015.tex
Underfull \hbox (badness 10000) in paragraph at lines 2--4

 []


Underfull \hbox (badness 10000) in paragraph at lines 7--10

 []


Underfull \hbox (badness 10000) in paragraph at lines 13--15

 []


Underfull \hbox (badness 10000) in paragraph at lines 18--20

 []

) (ES3/2016.tex
Underfull \hbox (badness 10000) in paragraph at lines 2--5

 []


Underfull \hbox (badness 10000) in paragraph at lines 8--10

 []


Underfull \hbox (badness 10000) in paragraph at lines 13--15

 []

) (ES3/2017.tex
Underfull \hbox (badness 10000) in paragraph at lines 2--4

 []


Underfull \hbox (badness 10000) in paragraph at lines 7--11

 []


LaTeX Warning: `!h' float specifier changed to `!ht'.


Underfull \hbox (badness 10000) in paragraph at lines 14--16

 []


LaTeX Warning: `!h' float specifier changed to `!ht'.


Underfull \hbox (badness 10000) in paragraph at lines 19--22

 []

<ES3/SET032017.jpg, id=109, 129.48375pt x 137.313pt>
File: ES3/SET032017.jpg Graphic file (type jpg)
<use ES3/SET032017.jpg>
Package pdftex.def Info: ES3/SET032017.jpg  used on input line 23.
(pdftex.def)             Requested size: 129.48341pt x 137.31265pt.

LaTeX Warning: `!h' float specifier changed to `!ht'.

) (ES3/2018.tex
Underfull \hbox (badness 10000) in paragraph at lines 2--8

 []


LaTeX Warning: `!h' float specifier changed to `!ht'.

) [11

] [12 <./ES3/SET032017.jpg>] (ES4/2015.tex
Underfull \hbox (badness 10000) in paragraph at lines 2--5

 []


Underfull \hbox (badness 10000) in paragraph at lines 2--5

 []

<ES4/GEN042015.jpg, id=118, 235.47975pt x 79.497pt>
File: ES4/GEN042015.jpg Graphic file (type jpg)
<use ES4/GEN042015.jpg>
Package pdftex.def Info: ES4/GEN042015.jpg  used on input line 6.
(pdftex.def)             Requested size: 259.02852pt x 87.44695pt.

Underfull \hbox (badness 10000) in paragraph at lines 11--20

 []


Underfull \hbox (badness 10000) in paragraph at lines 11--20

 []


Underfull \hbox (badness 10000) in paragraph at lines 23--26

 []


Underfull \hbox (badness 10000) in paragraph at lines 23--26

 []

<ES4/GIU042015.jpg, id=119, 169.8345pt x 83.71275pt>
File: ES4/GIU042015.jpg Graphic file (type jpg)
<use ES4/GIU042015.jpg>
Package pdftex.def Info: ES4/GIU042015.jpg  used on input line 27.
(pdftex.def)             Requested size: 220.7848pt x 108.82655pt.

Underfull \hbox (badness 10000) in paragraph at lines 32--35

 []


Underfull \hbox (badness 10000) in paragraph at lines 32--35

 []

<ES4/LUG042015.jpg, id=120, 157.18726pt x 36.135pt>
File: ES4/LUG042015.jpg Graphic file (type jpg)
<use ES4/LUG042015.jpg>
Package pdftex.def Info: ES4/LUG042015.jpg  used on input line 36.
(pdftex.def)             Requested size: 251.49992pt x 57.81604pt.

Overfull \hbox (12.79999pt too wide) in paragraph at lines 39--55
 [] 
 []


LaTeX Warning: `!h' float specifier changed to `!ht'.

) (ES4/2016.tex
Underfull \hbox (badness 10000) in paragraph at lines 2--7

 []


LaTeX Warning: `!h' float specifier changed to `!ht'.


Underfull \hbox (badness 10000) in paragraph at lines 11--13

 []

<ES4/FEB042016.jpg, id=121, 252.945pt x 102.98476pt>
File: ES4/FEB042016.jpg Graphic file (type jpg)
<use ES4/FEB042016.jpg>
Package pdftex.def Info: ES4/FEB042016.jpg  used on input line 14.
(pdftex.def)             Requested size: 278.24036pt x 113.28355pt.

LaTeX Warning: `!h' float specifier changed to `!ht'.


Underfull \hbox (badness 10000) in paragraph at lines 19--22

 []

<ES4/GIU042016.jpg, id=122, 156.585pt x 123.46124pt>
File: ES4/GIU042016.jpg Graphic file (type jpg)
<use ES4/GIU042016.jpg>
Package pdftex.def Info: ES4/GIU042016.jpg  used on input line 23.
(pdftex.def)             Requested size: 172.24402pt x 135.80775pt.

LaTeX Warning: `!h' float specifier changed to `!ht'.


Underfull \hbox (badness 10000) in paragraph at lines 28--33

 []


Underfull \hbox (badness 1005) in paragraph at lines 28--33
\OT1/cmr/m/n/10 Un cilin-dro con un vol-ume in-iziale di $12$ litri con-tiene $
23\OML/cmm/m/it/10 g$ \OT1/cmr/m/n/10 di os-sigeno (peso moleco-lare
 []


LaTeX Warning: `!h' float specifier changed to `!ht'.

) (ES4/2017.tex) (ES4/2018.tex) [13

 <./ES4/GEN042015.jpg> <./ES4/GIU042015.jpg>] [14 <./ES4/LUG042015.jpg>] [15 <.
/ES4/FEB042016.jpg> <./ES4/GIU042016.jpg>]
(ES5/2015.tex
Underfull \hbox (badness 10000) in paragraph at lines 2--4

 []

<ES5/GEN052015.jpg, id=137, 166.82326pt x 109.00725pt>
File: ES5/GEN052015.jpg Graphic file (type jpg)
<use ES5/GEN052015.jpg>
Package pdftex.def Info: ES5/GEN052015.jpg  used on input line 5.
(pdftex.def)             Requested size: 200.1869pt x 130.80803pt.

Underfull \hbox (badness 10000) in paragraph at lines 10--13

 []


Underfull \hbox (badness 2318) in paragraph at lines 10--13
\OT1/cmr/m/n/10 Nel cir-cuito in figura, la cor-rente at-traverso $\OML/cmm/m/i
t/10 R\OT1/cmr/m/n/10 6$ e $\OML/cmm/m/it/10 i[] \OT1/cmr/m/n/10 = 1\OML/cmm/m
/it/10 :\OT1/cmr/m/n/10 40\OML/cmm/m/it/10 A$ \OT1/cmr/m/n/10 e le re-sistenze 
sono
 []

<ES5/FEB052015.jpg, id=138, 287.27325pt x 107.80275pt>
File: ES5/FEB052015.jpg Graphic file (type jpg)
<use ES5/FEB052015.jpg>
Package pdftex.def Info: ES5/FEB052015.jpg  used on input line 14.
(pdftex.def)             Requested size: 229.81891pt x 86.2423pt.

Underfull \hbox (badness 10000) in paragraph at lines 19--21

 []

<ES5/GIU052015.jpg, id=139, 217.41225pt x 125.87025pt>
File: ES5/GIU052015.jpg Graphic file (type jpg)
<use ES5/GIU052015.jpg>
Package pdftex.def Info: ES5/GIU052015.jpg  used on input line 22.
(pdftex.def)             Requested size: 217.4117pt x 125.86993pt.

LaTeX Warning: `!h' float specifier changed to `!ht'.


Underfull \hbox (badness 10000) in paragraph at lines 27--29

 []

<ES5/LUG052015.jpg, id=140, 230.0595pt x 113.82526pt>
File: ES5/LUG052015.jpg Graphic file (type jpg)
<use ES5/LUG052015.jpg>
Package pdftex.def Info: ES5/LUG052015.jpg  used on input line 30.
(pdftex.def)             Requested size: 230.05893pt x 113.82497pt.

LaTeX Warning: `!h' float specifier changed to `!ht'.

) (ES5/2016.tex
Underfull \hbox (badness 10000) in paragraph at lines 2--5

 []

<ES5/GEN052016.jpg, id=141, 205.9695pt x 108.405pt>
File: ES5/GEN052016.jpg Graphic file (type jpg)
<use ES5/GEN052016.jpg>
Package pdftex.def Info: ES5/GEN052016.jpg  used on input line 6.
(pdftex.def)             Requested size: 164.7758pt x 86.7241pt.

LaTeX Warning: `!h' float specifier changed to `!ht'.


Underfull \hbox (badness 10000) in paragraph at lines 11--13

 []

<ES5/FEB052016.jpg, id=142, 210.7875pt x 97.5645pt>
File: ES5/FEB052016.jpg Graphic file (type jpg)
<use ES5/FEB052016.jpg>
Package pdftex.def Info: ES5/FEB052016.jpg  used on input line 14.
(pdftex.def)             Requested size: 231.86696pt x 107.32126pt.

LaTeX Warning: `!h' float specifier changed to `!ht'.


Underfull \hbox (badness 10000) in paragraph at lines 19--22

 []

<ES5/GIU052016.jpg, id=143, 197.538pt x 114.4275pt>
File: ES5/GIU052016.jpg Graphic file (type jpg)
<use ES5/GIU052016.jpg>
Package pdftex.def Info: ES5/GIU052016.jpg  used on input line 23.
(pdftex.def)             Requested size: 197.5375pt x 114.42722pt.

LaTeX Warning: `!h' float specifier changed to `!ht'.


Underfull \hbox (badness 10000) in paragraph at lines 28--30

 []


Underfull \hbox (badness 2790) in paragraph at lines 28--30
\OT1/cmr/m/n/10 Nel cir-cuito in figura, la cor-rente at-traverso $\OML/cmm/m/i
t/10 R\OT1/cmr/m/n/10 6$ e $\OML/cmm/m/it/10 i[] \OT1/cmr/m/n/10 = 1\OML/cmm/m
/it/10 :\OT1/cmr/m/n/10 2\OML/cmm/m/it/10 A$ \OT1/cmr/m/n/10 e le re-sistenze s
ono
 []

<ES5/LUG052016.jpg, id=144, 218.61674pt x 101.178pt>
File: ES5/LUG052016.jpg Graphic file (type jpg)
<use ES5/LUG052016.jpg>
Package pdftex.def Info: ES5/LUG052016.jpg  used on input line 31.
(pdftex.def)             Requested size: 174.89362pt x 80.94249pt.

LaTeX Warning: `!h' float specifier changed to `!ht'.

) (ES5/2017.tex
Underfull \hbox (badness 10000) in paragraph at lines 2--4

 []

<ES5/FEB052017.jpg, id=145, 196.3335pt x 99.37125pt>
File: ES5/FEB052017.jpg Graphic file (type jpg)
<use ES5/FEB052017.jpg>
Package pdftex.def Info: ES5/FEB052017.jpg  used on input line 5.
(pdftex.def)             Requested size: 215.9675pt x 109.3087pt.

LaTeX Warning: `!h' float specifier changed to `!ht'.


Underfull \hbox (badness 10000) in paragraph at lines 10--13

 []

<ES5/GIU052017.jpg, id=146, 182.48175pt x 97.5645pt>
File: ES5/GIU052017.jpg Graphic file (type jpg)
<use ES5/GIU052017.jpg>
Package pdftex.def Info: ES5/GIU052017.jpg  used on input line 14.
(pdftex.def)             Requested size: 200.73053pt x 107.32126pt.

LaTeX Warning: `!h' float specifier changed to `!ht'.


Underfull \hbox (badness 10000) in paragraph at lines 19--22

 []

<ES5/SET052017.jpg, id=147, 158.994pt x 99.37125pt>
File: ES5/SET052017.jpg Graphic file (type jpg)
<use ES5/SET052017.jpg>
Package pdftex.def Info: ES5/SET052017.jpg  used on input line 23.
(pdftex.def)             Requested size: 174.89394pt x 109.3087pt.

LaTeX Warning: `!h' float specifier changed to `!ht'.

) [16

 <./ES5/GEN052015.jpg> <./ES5/FEB052015.jpg>] [17 <./ES5/GIU052015.jpg> <./ES5/
LUG052015.jpg> <./ES5/GEN052016.jpg>] [18 <./ES5/FEB052016.jpg> <./ES5/GIU05201
6.jpg> <./ES5/LUG052016.jpg>] [19 <./ES5/FEB052017.jpg> <./ES5/GIU052017.jpg> <
./ES5/SET052017.jpg>]
Package atveryend Info: Empty hook `BeforeClearDocument' on input line 72.
 [20

]
Package atveryend Info: Empty hook `AfterLastShipout' on input line 72.
 (main.aux)
Package atveryend Info: Executing hook `AtVeryEndDocument' on input line 72.
Package atveryend Info: Executing hook `AtEndAfterFileList' on input line 72.
Package rerunfilecheck Info: File `main.out' has not changed.
(rerunfilecheck)             Checksum: B0853786074B017C516F665869694DE0;456.
Package atveryend Info: Empty hook `AtVeryVeryEnd' on input line 72.
 ) 
Here is how much of TeX's memory you used:
 15967 strings out of 492973
 262698 string characters out of 3135939
 400810 words of memory out of 3000000
 19505 multiletter control sequences out of 15000+200000
 6252 words of font info for 25 fonts, out of 3000000 for 9000
 1141 hyphenation exceptions out of 8191
 45i,13n,43p,617b,339s stack positions out of 5000i,500n,10000p,200000b,50000s
<C:/Program Files/MiKTeX 2.9/fonts/type1/public/amsfonts/cm/cmbx10.pfb><C:/Pr
ogram Files/MiKTeX 2.9/fonts/type1/public/amsfonts/cm/cmbx12.pfb><C:/Program Fi
les/MiKTeX 2.9/fonts/type1/public/amsfonts/cm/cmex10.pfb><C:/Program Files/MiKT
eX 2.9/fonts/type1/public/amsfonts/cm/cmmi10.pfb><C:/Program Files/MiKTeX 2.9/f
onts/type1/public/amsfonts/cm/cmmi7.pfb><C:/Program Files/MiKTeX 2.9/fonts/type
1/public/amsfonts/cm/cmr10.pfb><C:/Program Files/MiKTeX 2.9/fonts/type1/public/
amsfonts/cm/cmr5.pfb><C:/Program Files/MiKTeX 2.9/fonts/type1/public/amsfonts/c
m/cmr7.pfb><C:/Program Files/MiKTeX 2.9/fonts/type1/public/amsfonts/cm/cmsy10.p
fb><C:/Program Files/MiKTeX 2.9/fonts/type1/public/amsfonts/cm/cmsy5.pfb><C:/Pr
ogram Files/MiKTeX 2.9/fonts/type1/public/amsfonts/cm/cmsy7.pfb>
Output written on main.pdf (20 pages, 582685 bytes).
PDF statistics:
 212 PDF objects out of 1000 (max. 8388607)
 30 named destinations out of 1000 (max. 500000)
 215 words of extra memory for PDF output out of 10000 (max. 10000000)

